c:\users\leo97\onedrive\área de trabalho\dissertação\codigo final\codegen\lib\model_blank\debug\vc142.pdb
c:\users\leo97\onedrive\área de trabalho\dissertação\codigo final\codegen\lib\model_blank\debug\vc142.idb
c:\users\leo97\onedrive\área de trabalho\dissertação\codigo final\codegen\lib\model_blank\debug\main.obj
c:\users\leo97\onedrive\área de trabalho\dissertação\codigo final\codegen\lib\model_blank\debug\gettime.obj
c:\users\leo97\onedrive\área de trabalho\dissertação\codigo final\codegen\lib\model_blank\debug\funcionrp.obj
c:\users\leo97\onedrive\área de trabalho\dissertação\codigo final\codegen\lib\model_blank\debug\funciondia.obj
c:\users\leo97\onedrive\área de trabalho\dissertação\codigo final\codegen\lib\model_blank\debug\funcioncr.obj
c:\users\leo97\onedrive\área de trabalho\dissertação\codigo final\codegen\lib\model_blank\debug\funcioncpro.obj
c:\users\leo97\onedrive\área de trabalho\dissertação\codigo final\codegen\lib\model_blank\debug\funcionc.obj
c:\users\leo97\onedrive\área de trabalho\dissertação\codigo final\codegen\lib\model_blank\debug\favalia.obj
c:\users\leo97\onedrive\área de trabalho\dissertação\codigo final\codegen\lib\model_blank\debug\eml_rand_mt19937ar_stateful.obj
c:\users\leo97\onedrive\área de trabalho\dissertação\codigo final\codegen\lib\model_blank\debug\edade.obj
c:\users\leo97\onedrive\área de trabalho\dissertação\codigo final\codegen\lib\model_blank\debug\creapoqunniforme.obj
c:\users\leo97\onedrive\área de trabalho\dissertação\codigo final\codegen\lib\model_blank\debug\combinevectorelements.obj
c:\users\leo97\onedrive\área de trabalho\dissertação\codigo final\codegen\lib\model_blank\debug\colon.obj
c:\users\leo97\onedrive\área de trabalho\dissertação\codigo final\codegen\lib\model_blank\debug\codificacion_de_dias_func.obj
c:\users\leo97\onedrive\área de trabalho\dissertação\codigo final\codegen\lib\model_blank\debug\cc.obj
c:\users\leo97\onedrive\área de trabalho\dissertação\codigo final\codegen\lib\model_blank\debug\casorandom.obj
c:\users\leo97\onedrive\área de trabalho\dissertação\codigo final\codegen\lib\model_blank\debug\calendario.obj
c:\users\leo97\onedrive\área de trabalho\dissertação\codigo final\codegen\lib\model_blank\debug\bdcreator_func.obj
c:\users\leo97\onedrive\área de trabalho\dissertação\codigo final\codegen\lib\model_blank\debug\aevsplap.obj
c:\users\leo97\onedrive\área de trabalho\dissertação\codigo final\codegen\lib\model_blank\debug\actiq.obj
c:\users\leo97\onedrive\área de trabalho\dissertação\codigo final\codegen\lib\model_blank\debug\round.obj
c:\users\leo97\onedrive\área de trabalho\dissertação\codigo final\codegen\lib\model_blank\debug\repmat.obj
c:\users\leo97\onedrive\área de trabalho\dissertação\codigo final\codegen\lib\model_blank\debug\rem.obj
c:\users\leo97\onedrive\área de trabalho\dissertação\codigo final\codegen\lib\model_blank\debug\rdivide_helper.obj
c:\users\leo97\onedrive\área de trabalho\dissertação\codigo final\codegen\lib\model_blank\debug\randperm.obj
c:\users\leo97\onedrive\área de trabalho\dissertação\codigo final\codegen\lib\model_blank\debug\randi.obj
c:\users\leo97\onedrive\área de trabalho\dissertação\codigo final\codegen\lib\model_blank\debug\rand.obj
c:\users\leo97\onedrive\área de trabalho\dissertação\codigo final\codegen\lib\model_blank\debug\plott_func.obj
c:\users\leo97\onedrive\área de trabalho\dissertação\codigo final\codegen\lib\model_blank\debug\obsiqini.obj
c:\users\leo97\onedrive\área de trabalho\dissertação\codigo final\codegen\lib\model_blank\debug\obsiq.obj
c:\users\leo97\onedrive\área de trabalho\dissertação\codigo final\codegen\lib\model_blank\debug\nullassignment.obj
c:\users\leo97\onedrive\área de trabalho\dissertação\codigo final\codegen\lib\model_blank\debug\nonsingletondim.obj
c:\users\leo97\onedrive\área de trabalho\dissertação\codigo final\codegen\lib\model_blank\debug\model_terminate.obj
c:\users\leo97\onedrive\área de trabalho\dissertação\codigo final\codegen\lib\model_blank\debug\model_rtwutil.obj
c:\users\leo97\onedrive\área de trabalho\dissertação\codigo final\codegen\lib\model_blank\debug\model_initialize.obj
c:\users\leo97\onedrive\área de trabalho\dissertação\codigo final\codegen\lib\model_blank\debug\model_emxutil.obj
c:\users\leo97\onedrive\área de trabalho\dissertação\codigo final\codegen\lib\model_blank\debug\model_emxapi.obj
c:\users\leo97\onedrive\área de trabalho\dissertação\codigo final\codegen\lib\model_blank\debug\model_data.obj
c:\users\leo97\onedrive\área de trabalho\dissertação\codigo final\codegen\lib\model_blank\debug\main_uci_func.obj
c:\users\leo97\onedrive\área de trabalho\dissertação\codigo final\codegen\lib\model_blank\debug\main_old.obj
c:\users\leo97\onedrive\área de trabalho\dissertação\codigo final\codegen\lib\model_blank\debug\toc.obj
c:\users\leo97\onedrive\área de trabalho\dissertação\codigo final\codegen\lib\model_blank\debug\timekeeper.obj
c:\users\leo97\onedrive\área de trabalho\dissertação\codigo final\codegen\lib\model_blank\debug\tic.obj
c:\users\leo97\onedrive\área de trabalho\dissertação\codigo final\codegen\lib\model_blank\debug\sum.obj
c:\users\leo97\onedrive\área de trabalho\dissertação\codigo final\codegen\lib\model_blank\debug\std.obj
c:\users\leo97\onedrive\área de trabalho\dissertação\codigo final\codegen\lib\model_blank\debug\sortidx.obj
c:\users\leo97\onedrive\área de trabalho\dissertação\codigo final\codegen\lib\model_blank\debug\sort1.obj
c:\users\leo97\onedrive\área de trabalho\dissertação\codigo final\codegen\lib\model_blank\debug\sch.obj
c:\users\leo97\onedrive\área de trabalho\dissertação\codigo final\codegen\lib\model_blank\debug\main - copia.obj
c:\users\leo97\onedrive\área de trabalho\dissertação\codigo final\codegen\lib\model_blank\debug\mean.obj
c:\users\leo97\onedrive\área de trabalho\dissertação\codigo final\codegen\lib\model_blank\debug\model_blank.exe
c:\users\leo97\onedrive\área de trabalho\dissertação\codigo final\codegen\lib\model_blank\debug\model_blank.ilk
c:\users\leo97\onedrive\área de trabalho\dissertação\codigo final\codegen\lib\model_blank\debug\model_blank.pdb
c:\users\leo97\onedrive\área de trabalho\dissertação\codigo final\codegen\lib\model_blank\debug\main.obj.enc
c:\users\leo97\onedrive\área de trabalho\dissertação\codigo final\codegen\lib\model_blank\debug\model_blank.tlog\cl.command.1.tlog
c:\users\leo97\onedrive\área de trabalho\dissertação\codigo final\codegen\lib\model_blank\debug\model_blank.tlog\cl.read.1.tlog
c:\users\leo97\onedrive\área de trabalho\dissertação\codigo final\codegen\lib\model_blank\debug\model_blank.tlog\cl.write.1.tlog
c:\users\leo97\onedrive\área de trabalho\dissertação\codigo final\codegen\lib\model_blank\debug\model_blank.tlog\link.command.1.tlog
c:\users\leo97\onedrive\área de trabalho\dissertação\codigo final\codegen\lib\model_blank\debug\model_blank.tlog\link.read.1.tlog
c:\users\leo97\onedrive\área de trabalho\dissertação\codigo final\codegen\lib\model_blank\debug\model_blank.tlog\link.write.1.tlog
