  aevSPLap.c
  BDCreator_func.c
  casorandom.c
  cc.c
  combineVectorElements.c
  CreaPoQunniforme.c
  Edade.c
  eml_rand.c
  eml_rand_mcg16807_stateful.c
  eml_rand_mt19937ar_stateful.c
  eml_rand_shr3cong_stateful.c
  favalia.c
  funcionCPrO.c
  funcionDia.c
  getTime.c
  main.c
C:\Users\leo97\OneDrive\Área de Trabalho\Dissertação\Git\main.c(16,9): warning C4101: 'j': unreferenced local variable
C:\Users\leo97\OneDrive\Área de Trabalho\Dissertação\Git\main.c(16,41): warning C4101: 'aux_int': unreferenced local variable
  main_UCI_func.c
  mean.c
  model_data.c
  model_emxAPI.c
  Generating Code...
  Compiling...
  model_emxutil.c
  model_initialize.c
  model_rtwutil.c
  model_terminate.c
  nullAssignment.c
  obsIQ.c
  obsIQini.c
  rand.c
  randi.c
  randperm.c
  rdivide_helper.c
  rem.c
  repmat.c
  sch.c
  sort1.c
  sortIdx.c
  std.c
  sum.c
  tic.c
  timeKeeper.c
  Generating Code...
  Compiling...
  toc.c
  Generating Code...
  Model_blank.vcxproj -> C:\Users\leo97\OneDrive\Área de Trabalho\Dissertação\Git\Debug\Model_blank.exe
